<?xml version="1.0" encoding="UTF-8"?>
<testsuite xmlns:xsi="http://www.w3.org/2001/XMLSchema-instance" xsi:noNamespaceSchemaLocation="https://maven.apache.org/surefire/maven-surefire-plugin/xsd/surefire-test-report-3.0.xsd" version="3.0" name="TestSuite" time="1.45" tests="3" errors="0" skipped="0" failures="0">
  <properties>
[...]
</properties>
  <testcase name="Test1" classname="Suit.Test" time="0.009">
    <system-out><![CDATA[this is first test
]]></system-out>
  </testcase>
  <testcase name="Test2" classname="Suit.Test" time="0">
    <system-out><![CDATA[this is my second report
]]></system-out>
  </testcase>
  <testcase name="Test3" classname="Suit.Test" time="0">
    <system-out><![CDATA[this is third report
]]></system-out>
  </testcase>
</testsuite>