<?xml version="1.0" encoding="UTF-8"?>
<testng-results ignored="0" total="3" passed="3" failed="0" skipped="0">
  <reporter-output>
  </reporter-output>
  <suite started-at="2023-08-13T01:19:19 IST" name="Suite" finished-at="2023-08-13T01:19:19 IST" duration-ms="60">
    <groups>
    </groups>
    <test started-at="2023-08-13T01:19:19 IST" name="Test" finished-at="2023-08-13T01:19:19 IST" duration-ms="60">
      <class name="Suit.Test">
        <test-method signature="Test1()[pri:0, instance:Suit.Test@5562c41e]" started-at="2023-08-13T01:19:19 IST" name="Test1" finished-at="2023-08-13T01:19:19 IST" duration-ms="7" status="PASS">
          <reporter-output>
          </reporter-output>
        </test-method> <!-- Test1 -->
        <test-method signature="Test2()[pri:0, instance:Suit.Test@5562c41e]" started-at="2023-08-13T01:19:19 IST" name="Test2" finished-at="2023-08-13T01:19:19 IST" duration-ms="1" status="PASS">
          <reporter-output>
          </reporter-output>
        </test-method> <!-- Test2 -->
        <test-method signature="Test3()[pri:0, instance:Suit.Test@5562c41e]" started-at="2023-08-13T01:19:19 IST" name="Test3" finished-at="2023-08-13T01:19:19 IST" duration-ms="1" status="PASS">
          <reporter-output>
          </reporter-output>
        </test-method> <!-- Test3 -->
      </class> <!-- Suit.Test -->
    </test> <!-- Test -->
  </suite> <!-- Suite -->
</testng-results>
